c:\users\barmaley\documents\visual studio 2015\projects\labka1\labka1\debug\vc140.pdb
c:\users\barmaley\documents\visual studio 2015\projects\labka1\labka1\debug\vc140.idb
c:\users\barmaley\documents\visual studio 2015\projects\labka1\labka1\debug\car.obj
c:\users\barmaley\documents\visual studio 2015\projects\labka1\labka1\debug\main.obj
c:\users\barmaley\documents\visual studio 2015\projects\labka1\labka1\debug\bus.obj
c:\users\barmaley\documents\visual studio 2015\projects\labka1\labka1\debug\moto.obj
c:\users\barmaley\documents\visual studio 2015\projects\labka1\labka1\debug\garage.obj
c:\users\barmaley\documents\visual studio 2015\projects\labka1\debug\labka1.ilk
c:\users\barmaley\documents\visual studio 2015\projects\labka1\debug\labka1.exe
c:\users\barmaley\documents\visual studio 2015\projects\labka1\debug\labka1.pdb
c:\users\barmaley\documents\visual studio 2015\projects\labka1\labka1\debug\labka1.res
c:\users\barmaley\documents\visual studio 2015\projects\labka1\labka1\debug\labka1.tlog\cl.command.1.tlog
c:\users\barmaley\documents\visual studio 2015\projects\labka1\labka1\debug\labka1.tlog\cl.read.1.tlog
c:\users\barmaley\documents\visual studio 2015\projects\labka1\labka1\debug\labka1.tlog\cl.write.1.tlog
c:\users\barmaley\documents\visual studio 2015\projects\labka1\labka1\debug\labka1.tlog\link.command.1.tlog
c:\users\barmaley\documents\visual studio 2015\projects\labka1\labka1\debug\labka1.tlog\link.read.1.tlog
c:\users\barmaley\documents\visual studio 2015\projects\labka1\labka1\debug\labka1.tlog\link.write.1.tlog
c:\users\barmaley\documents\visual studio 2015\projects\labka1\labka1\debug\labka1.tlog\rc.command.1.tlog
c:\users\barmaley\documents\visual studio 2015\projects\labka1\labka1\debug\labka1.tlog\rc.read.1.tlog
c:\users\barmaley\documents\visual studio 2015\projects\labka1\labka1\debug\labka1.tlog\rc.write.1.tlog
